<?xml version="1.0" encoding="UTF-8"?>
<!-- Generated by org.testng.reporters.JUnitXMLReporter -->
<testsuite hostname="ITTIQ13R" ignored="0" name="Default test" tests="3" failures="0" timestamp="04 Dec 2019 10:07:17 GMT" time="94.925" errors="0">
  <testcase name="login" time="25.24" classname="swvl.assessment"/>
  <testcase name="reserveAtrip" time="42.082" classname="swvl.assessment"/>
  <testcase name="cancelAtrip" time="19.232" classname="swvl.assessment"/>
</testsuite> <!-- Default test -->
